2022-09-20 00:41:52.473  INFO 17023 --- [restartedMain] c.b.admin.BidibadiBackEndApplication     : Starting BidibadiBackEndApplication using Java 15.0.2 on relax-B450M-S2H with PID 17023 (/home/relax/Desktop/bidibadi/bidibadi/BidibadiWebParent/BidibadiBackEnd/target/classes started by relax in /home/relax/Desktop/bidibadi/bidibadi/BidibadiWebParent/BidibadiBackEnd)
2022-09-20 00:41:52.473  INFO 17023 --- [restartedMain] c.b.admin.BidibadiBackEndApplication     : No active profile set, falling back to default profiles: default
2022-09-20 00:41:52.546  INFO 17023 --- [restartedMain] .s.d.r.c.RepositoryConfigurationDelegate : Bootstrapping Spring Data JPA repositories in DEFAULT mode.
2022-09-20 00:41:52.550  INFO 17023 --- [restartedMain] .s.d.r.c.RepositoryConfigurationDelegate : Finished Spring Data repository scanning in 4 ms. Found 2 JPA repository interfaces.
2022-09-20 00:41:52.612  INFO 17023 --- [restartedMain] o.s.b.w.embedded.tomcat.TomcatWebServer  : Tomcat initialized with port(s): 8080 (http)
2022-09-20 00:41:52.613  INFO 17023 --- [restartedMain] o.apache.catalina.core.StandardService   : Starting service [Tomcat]
2022-09-20 00:41:52.614  INFO 17023 --- [restartedMain] org.apache.catalina.core.StandardEngine  : Starting Servlet engine: [Apache Tomcat/9.0.54]
2022-09-20 00:41:52.619  INFO 17023 --- [restartedMain] o.a.c.c.C.[.[.[/BidiBadiAdmin]           : Initializing Spring embedded WebApplicationContext
2022-09-20 00:41:52.620  INFO 17023 --- [restartedMain] w.s.c.ServletWebServerApplicationContext : Root WebApplicationContext: initialization completed in 146 ms
2022-09-20 00:41:52.628  WARN 17023 --- [restartedMain] o.a.c.c.C.[.[.[/BidiBadiAdmin]           : Cannot deserialize session attribute [SPRING_SECURITY_CONTEXT] for session [E0743B6B41B9055B778E1E3136691904]
2022-09-20 00:41:52.645  INFO 17023 --- [restartedMain] o.hibernate.jpa.internal.util.LogHelper  : HHH000204: Processing PersistenceUnitInfo [name: default]
2022-09-20 00:41:52.647  INFO 17023 --- [restartedMain] com.zaxxer.hikari.HikariDataSource       : HikariPool-2 - Starting...
2022-09-20 00:41:52.661  INFO 17023 --- [restartedMain] com.zaxxer.hikari.HikariDataSource       : HikariPool-2 - Start completed.
2022-09-20 00:41:52.662  INFO 17023 --- [restartedMain] org.hibernate.dialect.Dialect            : HHH000400: Using dialect: org.hibernate.dialect.MySQL8Dialect
2022-09-20 00:41:52.711  INFO 17023 --- [restartedMain] o.h.e.t.j.p.i.JtaPlatformInitiator       : HHH000490: Using JtaPlatform implementation: [org.hibernate.engine.transaction.jta.platform.internal.NoJtaPlatform]
2022-09-20 00:41:52.712  INFO 17023 --- [restartedMain] j.LocalContainerEntityManagerFactoryBean : Initialized JPA EntityManagerFactory for persistence unit 'default'
2022-09-20 00:41:52.728  WARN 17023 --- [restartedMain] JpaBaseConfiguration$JpaWebConfiguration : spring.jpa.open-in-view is enabled by default. Therefore, database queries may be performed during view rendering. Explicitly configure spring.jpa.open-in-view to disable this warning
2022-09-20 00:41:52.779  INFO 17023 --- [restartedMain] o.s.s.web.DefaultSecurityFilterChain     : Will secure Ant [pattern='/images/**'] with []
2022-09-20 00:41:52.779  INFO 17023 --- [restartedMain] o.s.s.web.DefaultSecurityFilterChain     : Will secure Ant [pattern='/js/**'] with []
2022-09-20 00:41:52.779  INFO 17023 --- [restartedMain] o.s.s.web.DefaultSecurityFilterChain     : Will secure Ant [pattern='/webjars/**'] with []
2022-09-20 00:41:52.784  INFO 17023 --- [restartedMain] o.s.s.web.DefaultSecurityFilterChain     : Will secure any request with [org.springframework.security.web.context.request.async.WebAsyncManagerIntegrationFilter@345959fa, org.springframework.security.web.context.SecurityContextPersistenceFilter@34f108f7, org.springframework.security.web.header.HeaderWriterFilter@47c169d, org.springframework.security.web.csrf.CsrfFilter@3af1c151, org.springframework.security.web.authentication.logout.LogoutFilter@1f51a6e1, org.springframework.security.web.authentication.UsernamePasswordAuthenticationFilter@475c8603, org.springframework.security.web.savedrequest.RequestCacheAwareFilter@32eb1db9, org.springframework.security.web.servletapi.SecurityContextHolderAwareRequestFilter@56c72d87, org.springframework.security.web.authentication.rememberme.RememberMeAuthenticationFilter@7015f282, org.springframework.security.web.authentication.AnonymousAuthenticationFilter@42614c76, org.springframework.security.web.session.SessionManagementFilter@beaaf8, org.springframework.security.web.access.ExceptionTranslationFilter@11a2f7df, org.springframework.security.web.access.intercept.FilterSecurityInterceptor@76a00dda]
2022-09-20 00:41:52.814  INFO 17023 --- [restartedMain] o.s.b.a.w.s.WelcomePageHandlerMapping    : Adding welcome page template: index
2022-09-20 00:41:52.931  INFO 17023 --- [restartedMain] o.s.b.d.a.OptionalLiveReloadServer       : LiveReload server is running on port 35729
2022-09-20 00:41:52.938  INFO 17023 --- [restartedMain] o.s.b.w.embedded.tomcat.TomcatWebServer  : Tomcat started on port(s): 8080 (http) with context path '/BidiBadiAdmin'
2022-09-20 00:41:52.941  INFO 17023 --- [restartedMain] c.b.admin.BidibadiBackEndApplication     : Started BidibadiBackEndApplication in 0.495 seconds (JVM running for 333.752)
2022-09-20 00:41:52.942  INFO 17023 --- [restartedMain] .ConditionEvaluationDeltaLoggingListener : Condition evaluation unchanged
2022-09-20 00:42:08.970  INFO 17023 --- [RMI TCP Connection(17)-127.0.0.1] inMXBeanRegistrar$SpringApplicationAdmin : Application shutdown requested.
2022-09-20 00:42:08.980  INFO 17023 --- [RMI TCP Connection(17)-127.0.0.1] j.LocalContainerEntityManagerFactoryBean : Closing JPA EntityManagerFactory for persistence unit 'default'
2022-09-20 00:42:08.981  INFO 17023 --- [RMI TCP Connection(17)-127.0.0.1] com.zaxxer.hikari.HikariDataSource       : HikariPool-2 - Shutdown initiated...
2022-09-20 00:42:08.983  INFO 17023 --- [RMI TCP Connection(17)-127.0.0.1] com.zaxxer.hikari.HikariDataSource       : HikariPool-2 - Shutdown completed.
2022-09-20 00:42:10.220  INFO 19035 --- [restartedMain] c.b.admin.BidibadiBackEndApplication     : Starting BidibadiBackEndApplication using Java 15.0.2 on relax-B450M-S2H with PID 19035 (/home/relax/Desktop/bidibadi/bidibadi/BidibadiWebParent/BidibadiBackEnd/target/classes started by relax in /home/relax/Desktop/bidibadi/bidibadi/BidibadiWebParent/BidibadiBackEnd)
2022-09-20 00:42:10.221  INFO 19035 --- [restartedMain] c.b.admin.BidibadiBackEndApplication     : No active profile set, falling back to default profiles: default
2022-09-20 00:42:10.254  INFO 19035 --- [restartedMain] .e.DevToolsPropertyDefaultsPostProcessor : Devtools property defaults active! Set 'spring.devtools.add-properties' to 'false' to disable
2022-09-20 00:42:10.254  INFO 19035 --- [restartedMain] .e.DevToolsPropertyDefaultsPostProcessor : For additional web related logging consider setting the 'logging.level.web' property to 'DEBUG'
2022-09-20 00:42:10.571  INFO 19035 --- [restartedMain] .s.d.r.c.RepositoryConfigurationDelegate : Bootstrapping Spring Data JPA repositories in DEFAULT mode.
2022-09-20 00:42:10.596  INFO 19035 --- [restartedMain] .s.d.r.c.RepositoryConfigurationDelegate : Finished Spring Data repository scanning in 20 ms. Found 2 JPA repository interfaces.
2022-09-20 00:42:10.864  INFO 19035 --- [restartedMain] o.s.b.w.embedded.tomcat.TomcatWebServer  : Tomcat initialized with port(s): 8080 (http)
2022-09-20 00:42:10.869  INFO 19035 --- [restartedMain] o.apache.catalina.core.StandardService   : Starting service [Tomcat]
2022-09-20 00:42:10.870  INFO 19035 --- [restartedMain] org.apache.catalina.core.StandardEngine  : Starting Servlet engine: [Apache Tomcat/9.0.54]
2022-09-20 00:42:10.910  INFO 19035 --- [restartedMain] o.a.c.c.C.[.[.[/BidiBadiAdmin]           : Initializing Spring embedded WebApplicationContext
2022-09-20 00:42:10.911  INFO 19035 --- [restartedMain] w.s.c.ServletWebServerApplicationContext : Root WebApplicationContext: initialization completed in 657 ms
2022-09-20 00:42:11.012  INFO 19035 --- [restartedMain] o.hibernate.jpa.internal.util.LogHelper  : HHH000204: Processing PersistenceUnitInfo [name: default]
2022-09-20 00:42:11.032  INFO 19035 --- [restartedMain] org.hibernate.Version                    : HHH000412: Hibernate ORM core version 5.4.32.Final
2022-09-20 00:42:11.089  INFO 19035 --- [restartedMain] o.hibernate.annotations.common.Version   : HCANN000001: Hibernate Commons Annotations {5.1.2.Final}
2022-09-20 00:42:11.134  INFO 19035 --- [restartedMain] com.zaxxer.hikari.HikariDataSource       : HikariPool-1 - Starting...
2022-09-20 00:42:11.332  INFO 19035 --- [restartedMain] com.zaxxer.hikari.HikariDataSource       : HikariPool-1 - Start completed.
2022-09-20 00:42:11.341  INFO 19035 --- [restartedMain] org.hibernate.dialect.Dialect            : HHH000400: Using dialect: org.hibernate.dialect.MySQL8Dialect
2022-09-20 00:42:11.672  INFO 19035 --- [restartedMain] o.h.e.t.j.p.i.JtaPlatformInitiator       : HHH000490: Using JtaPlatform implementation: [org.hibernate.engine.transaction.jta.platform.internal.NoJtaPlatform]
2022-09-20 00:42:11.676  INFO 19035 --- [restartedMain] j.LocalContainerEntityManagerFactoryBean : Initialized JPA EntityManagerFactory for persistence unit 'default'
2022-09-20 00:42:11.707  WARN 19035 --- [restartedMain] JpaBaseConfiguration$JpaWebConfiguration : spring.jpa.open-in-view is enabled by default. Therefore, database queries may be performed during view rendering. Explicitly configure spring.jpa.open-in-view to disable this warning
2022-09-20 00:42:11.996  INFO 19035 --- [restartedMain] o.s.s.web.DefaultSecurityFilterChain     : Will secure Ant [pattern='/images/**'] with []
2022-09-20 00:42:11.996  INFO 19035 --- [restartedMain] o.s.s.web.DefaultSecurityFilterChain     : Will secure Ant [pattern='/js/**'] with []
2022-09-20 00:42:11.996  INFO 19035 --- [restartedMain] o.s.s.web.DefaultSecurityFilterChain     : Will secure Ant [pattern='/webjars/**'] with []
2022-09-20 00:42:12.023  INFO 19035 --- [restartedMain] o.s.s.web.DefaultSecurityFilterChain     : Will secure any request with [org.springframework.security.web.context.request.async.WebAsyncManagerIntegrationFilter@42020908, org.springframework.security.web.context.SecurityContextPersistenceFilter@7269ef0d, org.springframework.security.web.header.HeaderWriterFilter@3bfaca88, org.springframework.security.web.csrf.CsrfFilter@3202638f, org.springframework.security.web.authentication.logout.LogoutFilter@48a1f087, org.springframework.security.web.authentication.UsernamePasswordAuthenticationFilter@6d517d39, org.springframework.security.web.savedrequest.RequestCacheAwareFilter@64ab2416, org.springframework.security.web.servletapi.SecurityContextHolderAwareRequestFilter@6a2f130e, org.springframework.security.web.authentication.rememberme.RememberMeAuthenticationFilter@1f1abcd4, org.springframework.security.web.authentication.AnonymousAuthenticationFilter@62cb83d6, org.springframework.security.web.session.SessionManagementFilter@62216611, org.springframework.security.web.access.ExceptionTranslationFilter@38823f95, org.springframework.security.web.access.intercept.FilterSecurityInterceptor@4cf55e12]
2022-09-20 00:42:12.119  INFO 19035 --- [restartedMain] o.s.b.a.w.s.WelcomePageHandlerMapping    : Adding welcome page template: index
2022-09-20 00:42:12.347  INFO 19035 --- [restartedMain] o.s.b.d.a.OptionalLiveReloadServer       : LiveReload server is running on port 35729
2022-09-20 00:42:12.367  INFO 19035 --- [restartedMain] o.s.b.w.embedded.tomcat.TomcatWebServer  : Tomcat started on port(s): 8080 (http) with context path '/BidiBadiAdmin'
2022-09-20 00:42:12.373  INFO 19035 --- [restartedMain] c.b.admin.BidibadiBackEndApplication     : Started BidibadiBackEndApplication in 2.361 seconds (JVM running for 2.824)
2022-09-20 00:43:26.069  INFO 19035 --- [http-nio-8080-exec-1] o.a.c.c.C.[.[.[/BidiBadiAdmin]           : Initializing Spring DispatcherServlet 'dispatcherServlet'
2022-09-20 00:43:26.069  INFO 19035 --- [http-nio-8080-exec-1] o.s.web.servlet.DispatcherServlet        : Initializing Servlet 'dispatcherServlet'
2022-09-20 00:43:26.069  INFO 19035 --- [http-nio-8080-exec-1] o.s.web.servlet.DispatcherServlet        : Completed initialization in 0 ms
2022-09-20 00:49:57.420  INFO 19035 --- [Thread-5] j.LocalContainerEntityManagerFactoryBean : Closing JPA EntityManagerFactory for persistence unit 'default'
2022-09-20 00:49:57.422  INFO 19035 --- [Thread-5] com.zaxxer.hikari.HikariDataSource       : HikariPool-1 - Shutdown initiated...
2022-09-20 00:49:57.428  INFO 19035 --- [Thread-5] com.zaxxer.hikari.HikariDataSource       : HikariPool-1 - Shutdown completed.
2022-09-20 00:49:57.485  INFO 19035 --- [restartedMain] c.b.admin.BidibadiBackEndApplication     : Starting BidibadiBackEndApplication using Java 15.0.2 on relax-B450M-S2H with PID 19035 (/home/relax/Desktop/bidibadi/bidibadi/BidibadiWebParent/BidibadiBackEnd/target/classes started by relax in /home/relax/Desktop/bidibadi/bidibadi/BidibadiWebParent/BidibadiBackEnd)
2022-09-20 00:49:57.485  INFO 19035 --- [restartedMain] c.b.admin.BidibadiBackEndApplication     : No active profile set, falling back to default profiles: default
2022-09-20 00:49:57.569  INFO 19035 --- [restartedMain] .s.d.r.c.RepositoryConfigurationDelegate : Bootstrapping Spring Data JPA repositories in DEFAULT mode.
2022-09-20 00:49:57.574  INFO 19035 --- [restartedMain] .s.d.r.c.RepositoryConfigurationDelegate : Finished Spring Data repository scanning in 4 ms. Found 2 JPA repository interfaces.
2022-09-20 00:49:57.631  INFO 19035 --- [restartedMain] o.s.b.w.embedded.tomcat.TomcatWebServer  : Tomcat initialized with port(s): 8080 (http)
2022-09-20 00:49:57.632  INFO 19035 --- [restartedMain] o.apache.catalina.core.StandardService   : Starting service [Tomcat]
2022-09-20 00:49:57.632  INFO 19035 --- [restartedMain] org.apache.catalina.core.StandardEngine  : Starting Servlet engine: [Apache Tomcat/9.0.54]
2022-09-20 00:49:57.637  INFO 19035 --- [restartedMain] o.a.c.c.C.[.[.[/BidiBadiAdmin]           : Initializing Spring embedded WebApplicationContext
2022-09-20 00:49:57.637  INFO 19035 --- [restartedMain] w.s.c.ServletWebServerApplicationContext : Root WebApplicationContext: initialization completed in 150 ms
2022-09-20 00:49:57.661  INFO 19035 --- [restartedMain] o.hibernate.jpa.internal.util.LogHelper  : HHH000204: Processing PersistenceUnitInfo [name: default]
2022-09-20 00:49:57.664  INFO 19035 --- [restartedMain] com.zaxxer.hikari.HikariDataSource       : HikariPool-2 - Starting...
2022-09-20 00:49:57.682  INFO 19035 --- [restartedMain] com.zaxxer.hikari.HikariDataSource       : HikariPool-2 - Start completed.
2022-09-20 00:49:57.683  INFO 19035 --- [restartedMain] org.hibernate.dialect.Dialect            : HHH000400: Using dialect: org.hibernate.dialect.MySQL8Dialect
2022-09-20 00:49:57.734  INFO 19035 --- [restartedMain] o.h.e.t.j.p.i.JtaPlatformInitiator       : HHH000490: Using JtaPlatform implementation: [org.hibernate.engine.transaction.jta.platform.internal.NoJtaPlatform]
2022-09-20 00:49:57.734  INFO 19035 --- [restartedMain] j.LocalContainerEntityManagerFactoryBean : Initialized JPA EntityManagerFactory for persistence unit 'default'
2022-09-20 00:49:57.749  WARN 19035 --- [restartedMain] JpaBaseConfiguration$JpaWebConfiguration : spring.jpa.open-in-view is enabled by default. Therefore, database queries may be performed during view rendering. Explicitly configure spring.jpa.open-in-view to disable this warning
2022-09-20 00:49:57.803  INFO 19035 --- [restartedMain] o.s.s.web.DefaultSecurityFilterChain     : Will secure Ant [pattern='/images/**'] with []
2022-09-20 00:49:57.803  INFO 19035 --- [restartedMain] o.s.s.web.DefaultSecurityFilterChain     : Will secure Ant [pattern='/js/**'] with []
2022-09-20 00:49:57.803  INFO 19035 --- [restartedMain] o.s.s.web.DefaultSecurityFilterChain     : Will secure Ant [pattern='/webjars/**'] with []
2022-09-20 00:49:57.808  INFO 19035 --- [restartedMain] o.s.s.web.DefaultSecurityFilterChain     : Will secure any request with [org.springframework.security.web.context.request.async.WebAsyncManagerIntegrationFilter@76189209, org.springframework.security.web.context.SecurityContextPersistenceFilter@2da8d73e, org.springframework.security.web.header.HeaderWriterFilter@61f3793e, org.springframework.security.web.csrf.CsrfFilter@669f2832, org.springframework.security.web.authentication.logout.LogoutFilter@27661db9, org.springframework.security.web.authentication.UsernamePasswordAuthenticationFilter@339584e4, org.springframework.security.web.savedrequest.RequestCacheAwareFilter@49f5a74a, org.springframework.security.web.servletapi.SecurityContextHolderAwareRequestFilter@33350dc3, org.springframework.security.web.authentication.rememberme.RememberMeAuthenticationFilter@1f754e9d, org.springframework.security.web.authentication.AnonymousAuthenticationFilter@1445ae8f, org.springframework.security.web.session.SessionManagementFilter@3269a7f9, org.springframework.security.web.access.ExceptionTranslationFilter@99db49d, org.springframework.security.web.access.intercept.FilterSecurityInterceptor@4cd5dd58]
2022-09-20 00:49:57.837  INFO 19035 --- [restartedMain] o.s.b.a.w.s.WelcomePageHandlerMapping    : Adding welcome page template: index
2022-09-20 00:49:57.958  INFO 19035 --- [restartedMain] o.s.b.d.a.OptionalLiveReloadServer       : LiveReload server is running on port 35729
2022-09-20 00:49:57.966  INFO 19035 --- [restartedMain] o.s.b.w.embedded.tomcat.TomcatWebServer  : Tomcat started on port(s): 8080 (http) with context path '/BidiBadiAdmin'
2022-09-20 00:49:57.969  INFO 19035 --- [restartedMain] c.b.admin.BidibadiBackEndApplication     : Started BidibadiBackEndApplication in 0.502 seconds (JVM running for 468.42)
2022-09-20 00:49:57.970  INFO 19035 --- [restartedMain] .ConditionEvaluationDeltaLoggingListener : Condition evaluation unchanged
2022-09-20 00:57:05.941  INFO 19035 --- [Thread-7] j.LocalContainerEntityManagerFactoryBean : Closing JPA EntityManagerFactory for persistence unit 'default'
2022-09-20 00:57:05.942  INFO 19035 --- [Thread-7] com.zaxxer.hikari.HikariDataSource       : HikariPool-2 - Shutdown initiated...
2022-09-20 00:57:05.946  INFO 19035 --- [Thread-7] com.zaxxer.hikari.HikariDataSource       : HikariPool-2 - Shutdown completed.
2022-09-20 00:57:05.998  INFO 19035 --- [restartedMain] c.b.admin.BidibadiBackEndApplication     : Starting BidibadiBackEndApplication using Java 15.0.2 on relax-B450M-S2H with PID 19035 (/home/relax/Desktop/bidibadi/bidibadi/BidibadiWebParent/BidibadiBackEnd/target/classes started by relax in /home/relax/Desktop/bidibadi/bidibadi/BidibadiWebParent/BidibadiBackEnd)
2022-09-20 00:57:05.998  INFO 19035 --- [restartedMain] c.b.admin.BidibadiBackEndApplication     : No active profile set, falling back to default profiles: default
2022-09-20 00:57:06.076  INFO 19035 --- [restartedMain] .s.d.r.c.RepositoryConfigurationDelegate : Bootstrapping Spring Data JPA repositories in DEFAULT mode.
2022-09-20 00:57:06.081  INFO 19035 --- [restartedMain] .s.d.r.c.RepositoryConfigurationDelegate : Finished Spring Data repository scanning in 4 ms. Found 2 JPA repository interfaces.
2022-09-20 00:57:06.142  INFO 19035 --- [restartedMain] o.s.b.w.embedded.tomcat.TomcatWebServer  : Tomcat initialized with port(s): 8080 (http)
2022-09-20 00:57:06.143  INFO 19035 --- [restartedMain] o.apache.catalina.core.StandardService   : Starting service [Tomcat]
2022-09-20 00:57:06.143  INFO 19035 --- [restartedMain] org.apache.catalina.core.StandardEngine  : Starting Servlet engine: [Apache Tomcat/9.0.54]
2022-09-20 00:57:06.148  INFO 19035 --- [restartedMain] o.a.c.c.C.[.[.[/BidiBadiAdmin]           : Initializing Spring embedded WebApplicationContext
2022-09-20 00:57:06.148  INFO 19035 --- [restartedMain] w.s.c.ServletWebServerApplicationContext : Root WebApplicationContext: initialization completed in 149 ms
2022-09-20 00:57:06.172  INFO 19035 --- [restartedMain] o.hibernate.jpa.internal.util.LogHelper  : HHH000204: Processing PersistenceUnitInfo [name: default]
2022-09-20 00:57:06.174  INFO 19035 --- [restartedMain] com.zaxxer.hikari.HikariDataSource       : HikariPool-3 - Starting...
2022-09-20 00:57:06.189  INFO 19035 --- [restartedMain] com.zaxxer.hikari.HikariDataSource       : HikariPool-3 - Start completed.
2022-09-20 00:57:06.190  INFO 19035 --- [restartedMain] org.hibernate.dialect.Dialect            : HHH000400: Using dialect: org.hibernate.dialect.MySQL8Dialect
2022-09-20 00:57:06.239  INFO 19035 --- [restartedMain] o.h.e.t.j.p.i.JtaPlatformInitiator       : HHH000490: Using JtaPlatform implementation: [org.hibernate.engine.transaction.jta.platform.internal.NoJtaPlatform]
2022-09-20 00:57:06.239  INFO 19035 --- [restartedMain] j.LocalContainerEntityManagerFactoryBean : Initialized JPA EntityManagerFactory for persistence unit 'default'
2022-09-20 00:57:06.254  WARN 19035 --- [restartedMain] JpaBaseConfiguration$JpaWebConfiguration : spring.jpa.open-in-view is enabled by default. Therefore, database queries may be performed during view rendering. Explicitly configure spring.jpa.open-in-view to disable this warning
2022-09-20 00:57:06.312  INFO 19035 --- [restartedMain] o.s.s.web.DefaultSecurityFilterChain     : Will secure Ant [pattern='/images/**'] with []
2022-09-20 00:57:06.312  INFO 19035 --- [restartedMain] o.s.s.web.DefaultSecurityFilterChain     : Will secure Ant [pattern='/js/**'] with []
2022-09-20 00:57:06.312  INFO 19035 --- [restartedMain] o.s.s.web.DefaultSecurityFilterChain     : Will secure Ant [pattern='/webjars/**'] with []
2022-09-20 00:57:06.318  INFO 19035 --- [restartedMain] o.s.s.web.DefaultSecurityFilterChain     : Will secure any request with [org.springframework.security.web.context.request.async.WebAsyncManagerIntegrationFilter@4cce0864, org.springframework.security.web.context.SecurityContextPersistenceFilter@6d49316, org.springframework.security.web.header.HeaderWriterFilter@54870ffa, org.springframework.security.web.csrf.CsrfFilter@5379675c, org.springframework.security.web.authentication.logout.LogoutFilter@239fdb40, org.springframework.security.web.authentication.UsernamePasswordAuthenticationFilter@716fdbe7, org.springframework.security.web.savedrequest.RequestCacheAwareFilter@9ae1544, org.springframework.security.web.servletapi.SecurityContextHolderAwareRequestFilter@653a2354, org.springframework.security.web.authentication.rememberme.RememberMeAuthenticationFilter@40f0e8ea, org.springframework.security.web.authentication.AnonymousAuthenticationFilter@52b9adda, org.springframework.security.web.session.SessionManagementFilter@1e8f541c, org.springframework.security.web.access.ExceptionTranslationFilter@5aaaabfb, org.springframework.security.web.access.intercept.FilterSecurityInterceptor@28c6d5e2]
2022-09-20 00:57:06.350  INFO 19035 --- [restartedMain] o.s.b.a.w.s.WelcomePageHandlerMapping    : Adding welcome page template: index
2022-09-20 00:57:06.467  INFO 19035 --- [restartedMain] o.s.b.d.a.OptionalLiveReloadServer       : LiveReload server is running on port 35729
2022-09-20 00:57:06.474  INFO 19035 --- [restartedMain] o.s.b.w.embedded.tomcat.TomcatWebServer  : Tomcat started on port(s): 8080 (http) with context path '/BidiBadiAdmin'
2022-09-20 00:57:06.476  INFO 19035 --- [restartedMain] c.b.admin.BidibadiBackEndApplication     : Started BidibadiBackEndApplication in 0.495 seconds (JVM running for 896.927)
2022-09-20 00:57:06.477  INFO 19035 --- [restartedMain] .ConditionEvaluationDeltaLoggingListener : Condition evaluation unchanged
2022-09-20 00:57:18.895  INFO 19035 --- [Thread-11] j.LocalContainerEntityManagerFactoryBean : Closing JPA EntityManagerFactory for persistence unit 'default'
2022-09-20 00:57:18.896  INFO 19035 --- [Thread-11] com.zaxxer.hikari.HikariDataSource       : HikariPool-3 - Shutdown initiated...
2022-09-20 00:57:18.899  INFO 19035 --- [Thread-11] com.zaxxer.hikari.HikariDataSource       : HikariPool-3 - Shutdown completed.
2022-09-20 00:57:18.951  INFO 19035 --- [restartedMain] c.b.admin.BidibadiBackEndApplication     : Starting BidibadiBackEndApplication using Java 15.0.2 on relax-B450M-S2H with PID 19035 (/home/relax/Desktop/bidibadi/bidibadi/BidibadiWebParent/BidibadiBackEnd/target/classes started by relax in /home/relax/Desktop/bidibadi/bidibadi/BidibadiWebParent/BidibadiBackEnd)
2022-09-20 00:57:18.951  INFO 19035 --- [restartedMain] c.b.admin.BidibadiBackEndApplication     : No active profile set, falling back to default profiles: default
2022-09-20 00:57:19.022  INFO 19035 --- [restartedMain] .s.d.r.c.RepositoryConfigurationDelegate : Bootstrapping Spring Data JPA repositories in DEFAULT mode.
2022-09-20 00:57:19.026  INFO 19035 --- [restartedMain] .s.d.r.c.RepositoryConfigurationDelegate : Finished Spring Data repository scanning in 3 ms. Found 2 JPA repository interfaces.
2022-09-20 00:57:19.076  INFO 19035 --- [restartedMain] o.s.b.w.embedded.tomcat.TomcatWebServer  : Tomcat initialized with port(s): 8080 (http)
2022-09-20 00:57:19.076  INFO 19035 --- [restartedMain] o.apache.catalina.core.StandardService   : Starting service [Tomcat]
2022-09-20 00:57:19.076  INFO 19035 --- [restartedMain] org.apache.catalina.core.StandardEngine  : Starting Servlet engine: [Apache Tomcat/9.0.54]
2022-09-20 00:57:19.080  INFO 19035 --- [restartedMain] o.a.c.c.C.[.[.[/BidiBadiAdmin]           : Initializing Spring embedded WebApplicationContext
2022-09-20 00:57:19.080  INFO 19035 --- [restartedMain] w.s.c.ServletWebServerApplicationContext : Root WebApplicationContext: initialization completed in 127 ms
2022-09-20 00:57:19.102  INFO 19035 --- [restartedMain] o.hibernate.jpa.internal.util.LogHelper  : HHH000204: Processing PersistenceUnitInfo [name: default]
2022-09-20 00:57:19.104  INFO 19035 --- [restartedMain] com.zaxxer.hikari.HikariDataSource       : HikariPool-4 - Starting...
2022-09-20 00:57:19.122  INFO 19035 --- [restartedMain] com.zaxxer.hikari.HikariDataSource       : HikariPool-4 - Start completed.
2022-09-20 00:57:19.122  INFO 19035 --- [restartedMain] org.hibernate.dialect.Dialect            : HHH000400: Using dialect: org.hibernate.dialect.MySQL8Dialect
2022-09-20 00:57:19.168  INFO 19035 --- [restartedMain] o.h.e.t.j.p.i.JtaPlatformInitiator       : HHH000490: Using JtaPlatform implementation: [org.hibernate.engine.transaction.jta.platform.internal.NoJtaPlatform]
2022-09-20 00:57:19.169  INFO 19035 --- [restartedMain] j.LocalContainerEntityManagerFactoryBean : Initialized JPA EntityManagerFactory for persistence unit 'default'
2022-09-20 00:57:19.181  WARN 19035 --- [restartedMain] JpaBaseConfiguration$JpaWebConfiguration : spring.jpa.open-in-view is enabled by default. Therefore, database queries may be performed during view rendering. Explicitly configure spring.jpa.open-in-view to disable this warning
2022-09-20 00:57:19.231  INFO 19035 --- [restartedMain] o.s.s.web.DefaultSecurityFilterChain     : Will secure Ant [pattern='/images/**'] with []
2022-09-20 00:57:19.232  INFO 19035 --- [restartedMain] o.s.s.web.DefaultSecurityFilterChain     : Will secure Ant [pattern='/js/**'] with []
2022-09-20 00:57:19.232  INFO 19035 --- [restartedMain] o.s.s.web.DefaultSecurityFilterChain     : Will secure Ant [pattern='/webjars/**'] with []
2022-09-20 00:57:19.236  INFO 19035 --- [restartedMain] o.s.s.web.DefaultSecurityFilterChain     : Will secure any request with [org.springframework.security.web.context.request.async.WebAsyncManagerIntegrationFilter@1a787f4d, org.springframework.security.web.context.SecurityContextPersistenceFilter@2784a496, org.springframework.security.web.header.HeaderWriterFilter@6f82a58d, org.springframework.security.web.csrf.CsrfFilter@601420c5, org.springframework.security.web.authentication.logout.LogoutFilter@17767f8, org.springframework.security.web.authentication.UsernamePasswordAuthenticationFilter@74c5a019, org.springframework.security.web.savedrequest.RequestCacheAwareFilter@22994621, org.springframework.security.web.servletapi.SecurityContextHolderAwareRequestFilter@584d3132, org.springframework.security.web.authentication.rememberme.RememberMeAuthenticationFilter@32ce0cd2, org.springframework.security.web.authentication.AnonymousAuthenticationFilter@6b91e734, org.springframework.security.web.session.SessionManagementFilter@66d7b281, org.springframework.security.web.access.ExceptionTranslationFilter@4829b639, org.springframework.security.web.access.intercept.FilterSecurityInterceptor@58452bb5]
2022-09-20 00:57:19.262  INFO 19035 --- [restartedMain] o.s.b.a.w.s.WelcomePageHandlerMapping    : Adding welcome page template: index
2022-09-20 00:57:19.366  INFO 19035 --- [restartedMain] o.s.b.d.a.OptionalLiveReloadServer       : LiveReload server is running on port 35729
2022-09-20 00:57:19.372  INFO 19035 --- [restartedMain] o.s.b.w.embedded.tomcat.TomcatWebServer  : Tomcat started on port(s): 8080 (http) with context path '/BidiBadiAdmin'
2022-09-20 00:57:19.375  INFO 19035 --- [restartedMain] c.b.admin.BidibadiBackEndApplication     : Started BidibadiBackEndApplication in 0.443 seconds (JVM running for 909.826)
2022-09-20 00:57:19.376  INFO 19035 --- [restartedMain] .ConditionEvaluationDeltaLoggingListener : Condition evaluation unchanged
2022-09-20 01:01:45.682  INFO 19035 --- [SpringApplicationShutdownHook] j.LocalContainerEntityManagerFactoryBean : Closing JPA EntityManagerFactory for persistence unit 'default'
2022-09-20 01:01:45.682  INFO 19035 --- [SpringApplicationShutdownHook] com.zaxxer.hikari.HikariDataSource       : HikariPool-4 - Shutdown initiated...
2022-09-20 01:01:45.685  INFO 19035 --- [SpringApplicationShutdownHook] com.zaxxer.hikari.HikariDataSource       : HikariPool-4 - Shutdown completed.
